timestamp: 2016-12-04T19:37:47.214089
CREATE TABLE auth_user(
    id INTEGER PRIMARY KEY AUTOINCREMENT,
    first_name CHAR(128),
    last_name CHAR(128),
    email CHAR(128) UNIQUE,
    password CHAR(512),
    city CHAR(512),
    registration_key CHAR(512),
    reset_password_key CHAR(512),
    registration_id CHAR(512)
);
success!
timestamp: 2016-12-04T19:37:47.364820
CREATE TABLE auth_group(
    id INTEGER PRIMARY KEY AUTOINCREMENT,
    role CHAR(512),
    description TEXT
);
success!
timestamp: 2016-12-04T19:37:47.518414
CREATE TABLE auth_membership(
    id INTEGER PRIMARY KEY AUTOINCREMENT,
    user_id INTEGER REFERENCES auth_user (id) ON DELETE CASCADE  ,
    group_id INTEGER REFERENCES auth_group (id) ON DELETE CASCADE  
);
success!
timestamp: 2016-12-04T19:37:47.655410
CREATE TABLE auth_permission(
    id INTEGER PRIMARY KEY AUTOINCREMENT,
    group_id INTEGER REFERENCES auth_group (id) ON DELETE CASCADE  ,
    name CHAR(512),
    table_name CHAR(512),
    record_id INTEGER
);
success!
timestamp: 2016-12-04T19:37:47.820723
CREATE TABLE auth_event(
    id INTEGER PRIMARY KEY AUTOINCREMENT,
    time_stamp TIMESTAMP,
    client_ip CHAR(512),
    user_id INTEGER REFERENCES auth_user (id) ON DELETE CASCADE  ,
    origin CHAR(512),
    description TEXT
);
success!
timestamp: 2016-12-04T19:37:47.949520
CREATE TABLE auth_cas(
    id INTEGER PRIMARY KEY AUTOINCREMENT,
    user_id INTEGER REFERENCES auth_user (id) ON DELETE CASCADE  ,
    created_on TIMESTAMP,
    service CHAR(512),
    ticket CHAR(512),
    renew CHAR(1)
);
success!
timestamp: 2016-12-04T19:37:48.093085
CREATE TABLE votes(
    id INTEGER PRIMARY KEY AUTOINCREMENT,
    user_email CHAR(512),
    vote_topic CHAR(512),
    vote_selection CHAR(512)
);
success!
timestamp: 2016-12-04T19:37:48.220651
CREATE TABLE measures(
    id INTEGER PRIMARY KEY AUTOINCREMENT,
    election_level CHAR(512),
    county CHAR(512),
    locationName CHAR(512),
    letter CHAR(512),
    topic CHAR(512),
    question CHAR(512)
);
success!
timestamp: 2016-12-04T19:37:48.385346
CREATE TABLE races(
    id INTEGER PRIMARY KEY AUTOINCREMENT,
    election_level CHAR(512),
    county CHAR(512),
    locationName CHAR(512),
    office CHAR(512),
    vacancies CHAR(512),
    name_list TEXT,
    occupation_list TEXT
);
success!
timestamp: 2016-12-06T01:31:55.486893
CREATE TABLE votes_races(
    id INTEGER PRIMARY KEY AUTOINCREMENT,
    user_email CHAR(512),
    votes_json TEXT
);
success!
timestamp: 2016-12-06T01:31:55.640738
CREATE TABLE votes_measures(
    id INTEGER PRIMARY KEY AUTOINCREMENT,
    user_email CHAR(512),
    votes_json TEXT
);
success!
success!
success!
success!
success!
success!
success!
success!
success!
success!
success!
success!
success!
success!
success!
success!
success!
success!
success!
success!
success!
success!
success!
success!
success!
success!
success!
success!
success!
success!
success!
success!
success!
success!
success!
success!
success!
success!
success!
success!
success!
success!
success!
success!
success!
success!
success!
success!
success!
success!
success!
success!
success!
success!
success!
success!
success!
success!
success!
success!
success!
success!
success!
success!
success!
success!
success!
success!
success!
success!
success!
success!
success!
success!
success!
success!
success!
success!
success!
success!
success!
success!
success!
success!
success!
success!
success!
success!
success!
success!
success!
success!
success!
success!
success!
success!
success!
success!
success!
success!
success!
success!
success!
success!
success!
success!
success!
success!
success!
success!
success!
success!
success!
success!
success!
success!
success!
success!
success!
success!
success!
success!
success!
success!
success!
success!
success!
success!
success!
success!
success!
success!
success!
success!
success!
success!
success!
success!
success!
success!
success!
success!
success!
success!
success!
success!
success!
success!
success!
success!
success!
success!
success!
success!
success!
success!
success!
success!
success!
success!
success!
success!
success!
success!
success!
success!
success!
success!
success!
success!
success!
success!
success!
success!
success!
success!
success!
success!
success!
success!
success!
success!
